Thu Sep 27 13:18:53 2018: build-wrapper, version 5.1 (win-x86-64)
Thu Sep 27 13:18:53 2018: isWow64: 0
Thu Sep 27 13:18:53 2018: windows version: 6.2, service pack: 0.0, build number: 9200, product type: 1
Thu Sep 27 13:18:53 2018: current directory: C:\Developer\repos\memory-card
Thu Sep 27 13:18:53 2018: command line received: <MsBuild.exe /t:Rebuild>
Thu Sep 27 13:18:53 2018: initializing json file
Thu Sep 27 13:18:53 2018: starting debug cycle
Thu Sep 27 13:18:53 2018: process created with pid: 9656
Thu Sep 27 13:18:53 2018: image path name: <C:\Program Files (x86)\Microsoft Visual Studio\2017\Community\MSBuild\15.0\bin\MsBuild.exe>
Thu Sep 27 13:18:53 2018: command line: <MsBuild.exe /t:Rebuild>
Thu Sep 27 13:18:53 2018: working directory: <C:\Developer\repos\memory-card\>
Thu Sep 27 13:18:53 2018: isWow64: 1
Thu Sep 27 13:18:53 2018: skipping process C:\Program Files (x86)\Microsoft Visual Studio\2017\Community\MSBuild\15.0\bin\MsBuild.exe with pid: 9656
Thu Sep 27 13:18:54 2018: process created with pid: 22492
Thu Sep 27 13:18:54 2018: image path name: <C:\Program Files (x86)\Microsoft Visual Studio\2017\Community\MSBuild\15.0\bin\Tracker.exe>
Thu Sep 27 13:18:54 2018: command line: <"C:\Program Files (x86)\Microsoft Visual Studio\2017\Community\MSBuild\15.0\bin\Tracker.exe" @"C:\Users\Andar\AppData\Local\Temp\tmpbf0492a9c4834bc0bac701990f6af413.tmp" /c "C:\Program Files (x86)\Microsoft Visual Studio\2017\Community\VC\Tools\MSVC\14.15.26726\bin\HostX86\x86\CL.exe"  @"C:\Users\Andar\AppData\Local\Temp\tmp061fbddb6fa64aff9c8a4e4b87e5bfcd.rsp">
Thu Sep 27 13:18:54 2018: working directory: <C:\Developer\repos\memory-card\MemoryGame\>
Thu Sep 27 13:18:54 2018: isWow64: 1
Thu Sep 27 13:18:54 2018: skipping process C:\Program Files (x86)\Microsoft Visual Studio\2017\Community\MSBuild\15.0\bin\Tracker.exe with pid: 22492
Thu Sep 27 13:18:54 2018: process created with pid: 21824
Thu Sep 27 13:18:54 2018: image path name: <C:\Program Files (x86)\Microsoft Visual Studio\2017\Community\VC\Tools\MSVC\14.15.26726\bin\HostX86\x86\CL.exe>
Thu Sep 27 13:18:54 2018: command line: <"C:\Program Files (x86)\Microsoft Visual Studio\2017\Community\VC\Tools\MSVC\14.15.26726\bin\HostX86\x86\CL.exe" @C:\Users\Andar\AppData\Local\Temp\tmp061fbddb6fa64aff9c8a4e4b87e5bfcd.rsp>
Thu Sep 27 13:18:54 2018: working directory: <C:\Developer\repos\memory-card\MemoryGame\>
Thu Sep 27 13:18:54 2018: isWow64: 1
Thu Sep 27 13:18:54 2018: content of C:\Users\Andar\AppData\Local\Temp\tmp061fbddb6fa64aff9c8a4e4b87e5bfcd.rsp: </c /IC:\SFML\include /ZI /JMC /nologo /W4 /WX /diagnostics:classic /sdl /Od /Oy- /D SFML_STATIC /D WIN32 /D _DEBUG /D _WINDOWS /D _UNICODE /D UNICODE /Gm- /EHsc /RTC1 /MDd /GS /fp:precise /Za /permissive- /Zc:wchar_t /Zc:forScope /Zc:inline /Fo"Debug\\" /Fd"Debug\vc141.pdb" /Gd /TP /analyze- /FC /errorReport:queue Card.cpp Deck.cpp GameScreen.cpp HUDisplay.cpp Main.cpp Memory.cpp MenuScreen.cpp ModelData.cpp Player.cpp Viewport.cpp>
Thu Sep 27 13:18:54 2018: Probing MSVC compiler: C:\Program Files (x86)\Microsoft Visual Studio\2017\Community\VC\Tools\MSVC\14.15.26726\bin\HostX86\x86\CL.exe
Thu Sep 27 13:18:54 2018: exit code: 0 (0x0)
Thu Sep 27 13:18:54 2018: stdout:
usage: cl [ option... ] filename... [ /link linkoption... ]

Thu Sep 27 13:18:54 2018: stderr:
Microsoft (R) C/C++ Optimizing Compiler Version 19.15.26729 for x86
Copyright (C) Microsoft Corporation.  All rights reserved.


Thu Sep 27 13:18:54 2018: env0: <=::=::\>
Thu Sep 27 13:18:54 2018: env1: <=C:=C:\Developer\repos\memory-card>
Thu Sep 27 13:18:54 2018: env2: <=ExitCode=00000000>
Thu Sep 27 13:18:54 2018: env3: <ALLUSERSPROFILE=C:\ProgramData>
Thu Sep 27 13:18:54 2018: env4: <APPDATA=C:\Users\Andar\AppData\Roaming>
Thu Sep 27 13:18:54 2018: env5: <CAExcludePath=C:\Program Files (x86)\Microsoft Visual Studio\2017\Community\VC\Tools\MSVC\14.15.26726\atlmfc\include;C:\Program Files (x86)\Microsoft Visual Studio\2017\Community\VC\Tools\MSVC\14.15.26726\include;C:\Program Files (x86)\Windows Kits\10\Include\10.0.16299.0\ucrt;;C:\Program Files (x86)\Windows Kits\10\Include\10.0.16299.0\um;C:\Program Files (x86)\Windows Kits\10\Include\10.0.16299.0\shared;C:\Program Files (x86)\Windows Kits\10\Include\10.0.16299.0\winrt;C:\Program Files (x86)\Windows Kits\NETFXSDK\4.6.1\Include\um;C:\Program Files (x86)\Windows Kits\NETFXSDK\4.6.1\Include\um;>
Thu Sep 27 13:18:54 2018: env6: <CommandPromptType=Native>
Thu Sep 27 13:18:54 2018: env7: <CommonProgramFiles=C:\Program Files (x86)\Common Files>
Thu Sep 27 13:18:54 2018: env8: <CommonProgramFiles(x86)=C:\Program Files (x86)\Common Files>
Thu Sep 27 13:18:54 2018: env9: <CommonProgramW6432=C:\Program Files\Common Files>
Thu Sep 27 13:18:54 2018: env10: <COMPUTERNAME=BOTTOMLESS-PIT>
Thu Sep 27 13:18:54 2018: env11: <ComSpec=C:\WINDOWS\system32\cmd.exe>
Thu Sep 27 13:18:54 2018: env12: <DevEnvDir=C:\Program Files (x86)\Microsoft Visual Studio\2017\Community\Common7\IDE\>
Thu Sep 27 13:18:55 2018: env13: <DriverData=C:\Windows\System32\Drivers\DriverData>
Thu Sep 27 13:18:55 2018: env14: <ExtensionSdkDir=C:\Program Files (x86)\Microsoft SDKs\Windows Kits\10\ExtensionSDKs>
Thu Sep 27 13:18:55 2018: env15: <FPS_BROWSER_APP_PROFILE_STRING=Internet Explorer>
Thu Sep 27 13:18:55 2018: env16: <FPS_BROWSER_USER_PROFILE_STRING=Default>
Thu Sep 27 13:18:55 2018: env17: <Framework40Version=v4.0>
Thu Sep 27 13:18:55 2018: env18: <FrameworkDir=C:\Windows\Microsoft.NET\Framework\>
Thu Sep 27 13:18:55 2018: env19: <FrameworkDir32=C:\Windows\Microsoft.NET\Framework\>
Thu Sep 27 13:18:55 2018: env20: <FrameworkVersion=v4.0.30319>
Thu Sep 27 13:18:55 2018: env21: <FrameworkVersion32=v4.0.30319>
Thu Sep 27 13:18:55 2018: env22: <FSHARPINSTALLDIR=C:\Program Files (x86)\Microsoft Visual Studio\2017\Community\Common7\IDE\CommonExtensions\Microsoft\FSharp\>
Thu Sep 27 13:18:55 2018: env23: <HOMEDRIVE=C:>
Thu Sep 27 13:18:55 2018: env24: <HOMEPATH=\Users\Andar>
Thu Sep 27 13:18:55 2018: env25: <INCLUDE=C:\Program Files (x86)\Microsoft Visual Studio\2017\Community\VC\Tools\MSVC\14.15.26726\include;;C:\Program Files (x86)\Microsoft Visual Studio\2017\Community\VC\Tools\MSVC\14.15.26726\atlmfc\include;;C:\Program Files (x86)\Microsoft Visual Studio\2017\Community\VC\Auxiliary\VS\include;;C:\Program Files (x86)\Windows Kits\10\Include\10.0.16299.0\ucrt;;;C:\Program Files (x86)\Windows Kits\10\Include\10.0.16299.0\um;C:\Program Files (x86)\Windows Kits\10\Include\10.0.16299.0\shared;C:\Program Files (x86)\Windows Kits\10\Include\10.0.16299.0\winrt;C:\Program Files (x86)\Windows Kits\NETFXSDK\4.6.1\Include\um;C:\Program Files (x86)\Windows Kits\NETFXSDK\4.6.1\Include\um;>
Thu Sep 27 13:18:55 2018: env26: <JAVA_HOME=C:\Program Files (x86)\Java\jdk1.8.0_152>
Thu Sep 27 13:18:55 2018: env27: <LIB=C:\Program Files (x86)\Microsoft Visual Studio\2017\Community\VC\Tools\MSVC\14.15.26726\lib\x86;;C:\Program Files (x86)\Microsoft Visual Studio\2017\Community\VC\Tools\MSVC\14.15.26726\atlmfc\lib\x86;;C:\Program Files (x86)\Microsoft Visual Studio\2017\Community\VC\Auxiliary\VS\lib\x86;;C:\Program Files (x86)\Windows Kits\10\lib\10.0.16299.0\ucrt\x86;;;C:\Program Files (x86)\Windows Kits\10\lib\10.0.16299.0\um\x86;C:\Program Files (x86)\Windows Kits\NETFXSDK\4.6.1\lib\um\x86;;C:\Program Files (x86)\Windows Kits\NETFXSDK\4.6.1\Lib\um\x86>
Thu Sep 27 13:18:55 2018: env28: <LIBPATH=C:\Program Files (x86)\Microsoft Visual Studio\2017\Community\VC\Tools\MSVC\14.15.26726\atlmfc\lib\x86;;C:\Program Files (x86)\Microsoft Visual Studio\2017\Community\VC\Tools\MSVC\14.15.26726\lib\x86;>
Thu Sep 27 13:18:55 2018: env29: <LOCALAPPDATA=C:\Users\Andar\AppData\Local>
Thu Sep 27 13:18:55 2018: env30: <LOGONSERVER=\\BOTTOMLESS-PIT>
Thu Sep 27 13:18:55 2018: env31: <MSBuildLoadMicrosoftTargetsReadOnly=true>
Thu Sep 27 13:18:55 2018: env32: <NETFXSDKDir=C:\Program Files (x86)\Windows Kits\NETFXSDK\4.6.1\>
Thu Sep 27 13:18:55 2018: env33: <NUMBER_OF_PROCESSORS=8>
Thu Sep 27 13:18:55 2018: env34: <OneDrive=C:\Users\Andar\OneDrive>
Thu Sep 27 13:18:55 2018: env35: <OnlineServices=Online Services>
Thu Sep 27 13:18:55 2018: env36: <OS=Windows_NT>
Thu Sep 27 13:18:55 2018: env37: <Path=C:\Program Files (x86)\Microsoft Visual Studio\2017\Community\VC\Tools\MSVC\14.15.26726\bin\HostX86\x86;C:\Program Files (x86)\Windows Kits\10\bin\10.0.16299.0\x86;;C:\Program Files (x86)\Windows Kits\NETFXSDK\4.6.1\bin\NETFX 4.6.1 Tools;C:\Program Files (x86)\Microsoft Visual Studio\2017\Community\Common7\tools;C:\Program Files (x86)\Microsoft Visual Studio\2017\Community\Common7\ide;C:\Program Files (x86)\HTML Help Workshop;;C:\Program Files (x86)\Microsoft Visual Studio\2017\Community\MSBuild\15.0\bin;C:\WINDOWS\Microsoft.NET\Framework\v4.0.30319\;C:\WINDOWS\SysWow64;;C:\Program Files (x86)\Microsoft Visual Studio\2017\Community\VC\Tools\MSVC\14.15.26726\bin\HostX86\x86;C:\Program Files (x86)\Microsoft Visual Studio\2017\Community\Common7\IDE\VC\VCPackages;C:\Program Files (x86)\Microsoft SDKs\TypeScript\3.0;C:\Program Files (x86)\Microsoft Visual Studio\2017\Community\Common7\IDE\CommonExtensions\Microsoft\TestWindow;C:\Program Files (x86)\Microsoft Visual Studio\2017\Community\Common7\IDE\CommonExtensions\Microsoft\TeamFoundation\Team Explorer;C:\Program Files (x86)\Microsoft Visual Studio\2017\Community\MSBuild\15.0\bin\Roslyn;C:\Program Files (x86)\Microsoft Visual Studio\2017\Community\Team Tools\Performance Tools;C:\Program Files (x86)\Microsoft Visual Studio\Shared\Common\VSPerfCollectionTools\;C:\Program Files (x86)\Microsoft SDKs\Windows\v10.0A\bin\NETFX 4.6.1 Tools\;C:\Program Files (x86)\Microsoft Visual Studio\2017\Community\Common7\IDE\CommonExtensions\Microsoft\FSharp\;C:\Program Files (x86)\Windows Kits\10\bin\10.0.17134.0\x86;C:\Program Files (x86)\Windows Kits\10\bin\x86;C:\Program Files (x86)\Microsoft Visual Studio\2017\Community\\MSBuild\15.0\bin;C:\Windows\Microsoft.NET\Framework\v4.0.30319;C:\Program Files (x86)\Microsoft Visual Studio\2017\Community\Common7\IDE\;C:\Program Files (x86)\Microsoft Visual Studio\2017\Community\Common7\Tools\;C:\Program Files (x86)\Intel\iCLS Client\;C:\Program Files\Intel\iCLS Client\;C:\WINDOWS\system32;C:\WINDOWS;C:\WINDOWS\System32\Wbem;C:\WINDOWS\System32\WindowsPowerShell\v1.0\;C:\Program Files\dotnet\;C:\Program Files\Microsoft SQL Server\130\Tools\Binn\;C:\Program Files (x86)\Intel\Intel(R) Management Engine Components\DAL;C:\Program Files\Intel\Intel(R) Management Engine Components\DAL;C:\Program Files (x86)\Intel\Intel(R) Management Engine Components\IPT;C:\Program Files\Intel\Intel(R) Management Engine Components\IPT;C:\WINDOWS\System32\OpenSSH\;C:\Program Files\Intel\WiFi\bin\;C:\Program Files\Common Files\Intel\WirelessCommon\;C:\Program Files (x86)\Microsoft SQL Server\Client SDK\ODBC\130\Tools\Binn\;C:\Program Files (x86)\Microsoft SQL Server\140\Tools\Binn\;C:\Program Files (x86)\Microsoft SQL Server\140\DTS\Binn\;C:\Program Files (x86)\Microsoft SQL Server\140\Tools\Binn\ManagementStudio\;C:\Program Files\Microsoft SQL Server\Client SDK\ODBC\130\Tools\Binn\;C:\Program Files\Microsoft SQL Server\140\Tools\Binn\;C:\Program Files\Microsoft SQL Server\140\DTS\Binn\;C:\Program Files\Git\cmd;C:\Users\Andar\AppData\Local\Microsoft\WindowsApps;C:\SonarScanner\;C:\build-wrapper-win-x86\;C:\Program Files (x86)\Microsoft Visual Studio\2017\Community\MSBuild\15.0\Bin;;C:\Program Files (x86)\Microsoft Visual Studio\2017\Community\Common7\IDE\CommonExtensions\Microsoft\CMake\CMake\bin;C:\Program Files (x86)\Microsoft Visual Studio\2017\Community\Common7\IDE\CommonExtensions\Microsoft\CMake\Ninja;>
Thu Sep 27 13:18:55 2018: env38: <PATHEXT=.COM;.EXE;.BAT;.CMD;.VBS;.VBE;.JS;.JSE;.WSF;.WSH;.MSC>
Thu Sep 27 13:18:55 2018: env39: <Platform=x86>
Thu Sep 27 13:18:55 2018: env40: <platformcode=KV>
Thu Sep 27 13:18:55 2018: env41: <PROCESSOR_ARCHITECTURE=x86>
Thu Sep 27 13:18:55 2018: env42: <PROCESSOR_ARCHITEW6432=AMD64>
Thu Sep 27 13:18:55 2018: env43: <PROCESSOR_IDENTIFIER=Intel64 Family 6 Model 142 Stepping 10, GenuineIntel>
Thu Sep 27 13:18:55 2018: env44: <PROCESSOR_LEVEL=6>
Thu Sep 27 13:18:55 2018: env45: <PROCESSOR_REVISION=8e0a>
Thu Sep 27 13:18:55 2018: env46: <ProgramData=C:\ProgramData>
Thu Sep 27 13:18:55 2018: env47: <ProgramFiles=C:\Program Files (x86)>
Thu Sep 27 13:18:55 2018: env48: <ProgramFiles(x86)=C:\Program Files (x86)>
Thu Sep 27 13:18:55 2018: env49: <ProgramW6432=C:\Program Files>
Thu Sep 27 13:18:55 2018: env50: <PROMPT=$P$G>
Thu Sep 27 13:18:55 2018: env51: <PSModulePath=C:\Program Files\WindowsPowerShell\Modules;C:\WINDOWS\system32\WindowsPowerShell\v1.0\Modules;C:\Program Files (x86)\Microsoft SQL Server\140\Tools\PowerShell\Modules\>
Thu Sep 27 13:18:55 2018: env52: <PUBLIC=C:\Users\Public>
Thu Sep 27 13:18:55 2018: env53: <RegionCode=NA>
Thu Sep 27 13:18:55 2018: env54: <SESSIONNAME=Console>
Thu Sep 27 13:18:55 2018: env55: <SystemDrive=C:>
Thu Sep 27 13:18:55 2018: env56: <SystemRoot=C:\WINDOWS>
Thu Sep 27 13:18:55 2018: env57: <TEMP=C:\Users\Andar\AppData\Local\Temp>
Thu Sep 27 13:18:55 2018: env58: <TMP=C:\Users\Andar\AppData\Local\Temp>
Thu Sep 27 13:18:55 2018: env59: <TRACKER_ENABLED=1>
Thu Sep 27 13:18:55 2018: env60: <TRACKER_INTERMEDIATE=C:\Developer\repos\memory-card\MemoryGame\Debug\MemoryGame.tlog>
Thu Sep 27 13:18:55 2018: env61: <TRACKER_OUTOFPROC=1>
Thu Sep 27 13:18:55 2018: env62: <TRACKER_RESPONSEFILE=C:\Users\Andar\AppData\Local\Temp\tmpbf0492a9c4834bc0bac701990f6af413.tmp>
Thu Sep 27 13:18:55 2018: env63: <TRACKER_ROOTFILES=>
Thu Sep 27 13:18:55 2018: env64: <TRACKER_TOOL=>
Thu Sep 27 13:18:55 2018: env65: <TRACKER_TOOLCHAIN=>
Thu Sep 27 13:18:55 2018: env66: <UCRTVersion=10.0.17134.0>
Thu Sep 27 13:18:55 2018: env67: <UniversalCRTSdkDir=C:\Program Files (x86)\Windows Kits\10\>
Thu Sep 27 13:18:55 2018: env68: <USERDOMAIN=BOTTOMLESS-PIT>
Thu Sep 27 13:18:55 2018: env69: <USERDOMAIN_ROAMINGPROFILE=BOTTOMLESS-PIT>
Thu Sep 27 13:18:55 2018: env70: <USERNAME=Andar>
Thu Sep 27 13:18:55 2018: env71: <USERPROFILE=C:\Users\Andar>
Thu Sep 27 13:18:55 2018: env72: <VCIDEInstallDir=C:\Program Files (x86)\Microsoft Visual Studio\2017\Community\Common7\IDE\VC\>
Thu Sep 27 13:18:55 2018: env73: <VCINSTALLDIR=C:\Program Files (x86)\Microsoft Visual Studio\2017\Community\VC\>
Thu Sep 27 13:18:55 2018: env74: <VCToolsInstallDir=C:\Program Files (x86)\Microsoft Visual Studio\2017\Community\VC\Tools\MSVC\14.15.26726\>
Thu Sep 27 13:18:55 2018: env75: <VCToolsRedistDir=C:\Program Files (x86)\Microsoft Visual Studio\2017\Community\VC\Redist\MSVC\14.15.26706\>
Thu Sep 27 13:18:55 2018: env76: <VCToolsVersion=14.15.26726>
Thu Sep 27 13:18:55 2018: env77: <VisualStudioVersion=15.0>
Thu Sep 27 13:18:55 2018: env78: <VS150COMNTOOLS=C:\Program Files (x86)\Microsoft Visual Studio\2017\Community\Common7\Tools\>
Thu Sep 27 13:18:55 2018: env79: <VSCMD_ARG_app_plat=Desktop>
Thu Sep 27 13:18:55 2018: env80: <VSCMD_ARG_HOST_ARCH=x86>
Thu Sep 27 13:18:55 2018: env81: <VSCMD_ARG_TGT_ARCH=x86>
Thu Sep 27 13:18:55 2018: env82: <VSCMD_VER=15.8.4>
Thu Sep 27 13:18:55 2018: env83: <VSINSTALLDIR=C:\Program Files (x86)\Microsoft Visual Studio\2017\Community\>
Thu Sep 27 13:18:55 2018: env84: <VSTEL_ProjectID={74216262-4174-474a-84a7-d0616e4af92a}>
Thu Sep 27 13:18:55 2018: env85: <windir=C:\WINDOWS>
Thu Sep 27 13:18:55 2018: env86: <WindowsLibPath=C:\Program Files (x86)\Windows Kits\10\UnionMetadata\10.0.17134.0;C:\Program Files (x86)\Windows Kits\10\References\10.0.17134.0>
Thu Sep 27 13:18:55 2018: env87: <WindowsSdkBinPath=C:\Program Files (x86)\Windows Kits\10\bin\>
Thu Sep 27 13:18:55 2018: env88: <WindowsSdkDir=C:\Program Files (x86)\Windows Kits\10\>
Thu Sep 27 13:18:55 2018: env89: <WindowsSDKLibVersion=10.0.17134.0\>
Thu Sep 27 13:18:55 2018: env90: <WindowsSdkVerBinPath=C:\Program Files (x86)\Windows Kits\10\bin\10.0.17134.0\>
Thu Sep 27 13:18:55 2018: env91: <WindowsSDKVersion=10.0.17134.0\>
Thu Sep 27 13:18:55 2018: env92: <WindowsSDK_ExecutablePath_x64=C:\Program Files (x86)\Microsoft SDKs\Windows\v10.0A\bin\NETFX 4.6.1 Tools\x64\>
Thu Sep 27 13:18:55 2018: env93: <WindowsSDK_ExecutablePath_x86=C:\Program Files (x86)\Microsoft SDKs\Windows\v10.0A\bin\NETFX 4.6.1 Tools\>
Thu Sep 27 13:18:55 2018: env94: <_NO_DEBUG_HEAP=1>
Thu Sep 27 13:18:55 2018: env95: <__DOTNET_ADD_32BIT=1>
Thu Sep 27 13:18:55 2018: env96: <__DOTNET_PREFERRED_BITNESS=32>
Thu Sep 27 13:18:55 2018: env97: <__VSCMD_PREINIT_PATH=C:\Program Files (x86)\Intel\iCLS Client\;C:\Program Files\Intel\iCLS Client\;C:\WINDOWS\system32;C:\WINDOWS;C:\WINDOWS\System32\Wbem;C:\WINDOWS\System32\WindowsPowerShell\v1.0\;C:\Program Files\dotnet\;C:\Program Files\Microsoft SQL Server\130\Tools\Binn\;C:\Program Files (x86)\Intel\Intel(R) Management Engine Components\DAL;C:\Program Files\Intel\Intel(R) Management Engine Components\DAL;C:\Program Files (x86)\Intel\Intel(R) Management Engine Components\IPT;C:\Program Files\Intel\Intel(R) Management Engine Components\IPT;C:\WINDOWS\System32\OpenSSH\;C:\Program Files\Intel\WiFi\bin\;C:\Program Files\Common Files\Intel\WirelessCommon\;C:\Program Files (x86)\Microsoft SQL Server\Client SDK\ODBC\130\Tools\Binn\;C:\Program Files (x86)\Microsoft SQL Server\140\Tools\Binn\;C:\Program Files (x86)\Microsoft SQL Server\140\DTS\Binn\;C:\Program Files (x86)\Microsoft SQL Server\140\Tools\Binn\ManagementStudio\;C:\Program Files\Microsoft SQL Server\Client SDK\ODBC\130\Tools\Binn\;C:\Program Files\Microsoft SQL Server\140\Tools\Binn\;C:\Program Files\Microsoft SQL Server\140\DTS\Binn\;C:\Program Files\Git\cmd;C:\Users\Andar\AppData\Local\Microsoft\WindowsApps;C:\SonarScanner\;C:\build-wrapper-win-x86\;C:\Program Files (x86)\Microsoft Visual Studio\2017\Community\MSBuild\15.0\Bin;>
Thu Sep 27 13:18:56 2018: process created with pid: 12976
Thu Sep 27 13:18:56 2018: image path name: <C:\Program Files (x86)\Microsoft Visual Studio\2017\Community\VC\Tools\MSVC\14.15.26726\bin\HostX86\x86\VCTIP.EXE>
Thu Sep 27 13:18:56 2018: command line: <"C:\Program Files (x86)\Microsoft Visual Studio\2017\Community\VC\Tools\MSVC\14.15.26726\bin\HostX86\x86\VCTIP.EXE">
Thu Sep 27 13:18:56 2018: working directory: <C:\Program Files (x86)\Microsoft Visual Studio\2017\Community\VC\Tools\MSVC\14.15.26726\bin\HostX86\x86\>
Thu Sep 27 13:18:56 2018: isWow64: 1
Thu Sep 27 13:18:56 2018: skipping process C:\Program Files (x86)\Microsoft Visual Studio\2017\Community\VC\Tools\MSVC\14.15.26726\bin\HostX86\x86\VCTIP.EXE with pid: 12976
Thu Sep 27 13:19:04 2018: process with pid 21824 exit with code: 2 (0x2)
Thu Sep 27 13:19:04 2018: process with pid 22492 exit with code: 2 (0x2)
Thu Sep 27 13:19:04 2018: process with pid 9656 exit with code: 1 (0x1)
Thu Sep 27 13:19:04 2018: finalizing json file
